2020-11-02 11:26:53.731  INFO [users-ws,,,] 12692 --- [restartedMain] c.c.c.ConfigServicePropertySourceLocator : Fetching config from server at : http://localhost:8012
2020-11-02 11:26:55.610  INFO [users-ws,,,] 12692 --- [restartedMain] c.c.c.ConfigServicePropertySourceLocator : Located environment: name=users-ws, profiles=[default], label=null, version=null, state=null
2020-11-02 11:26:55.624  INFO [users-ws,,,] 12692 --- [restartedMain] b.c.PropertySourceBootstrapConfiguration : Located property source: [BootstrapPropertySource {name='bootstrapProperties-file:///C:/Users/Havyx/Documents/GitHub/Config_Native_Files/users-ws.yml'}, BootstrapPropertySource {name='bootstrapProperties-file:///C:/Users/Havyx/Documents/GitHub/Config_Native_Files/application.properties'}]
2020-11-02 11:26:55.842  INFO [users-ws,,,] 12692 --- [restartedMain] b.c.e.u.appusers.UsersApplication        : No active profile set, falling back to default profiles: default
2020-11-02 11:26:57.959  WARN [users-ws,,,] 12692 --- [restartedMain] o.s.boot.actuate.endpoint.EndpointId     : Endpoint ID 'bus-env' contains invalid characters, please migrate to a valid format.
2020-11-02 11:26:58.647  INFO [users-ws,,,] 12692 --- [restartedMain] .s.d.r.c.RepositoryConfigurationDelegate : Bootstrapping Spring Data JPA repositories in DEFERRED mode.
2020-11-02 11:26:59.023  INFO [users-ws,,,] 12692 --- [restartedMain] .s.d.r.c.RepositoryConfigurationDelegate : Finished Spring Data repository scanning in 357ms. Found 1 JPA repository interfaces.
2020-11-02 11:26:59.189  WARN [users-ws,,,] 12692 --- [restartedMain] o.s.boot.actuate.endpoint.EndpointId     : Endpoint ID 'bus-refresh' contains invalid characters, please migrate to a valid format.
2020-11-02 11:26:59.491  WARN [users-ws,,,] 12692 --- [restartedMain] o.s.boot.actuate.endpoint.EndpointId     : Endpoint ID 'service-registry' contains invalid characters, please migrate to a valid format.
2020-11-02 11:26:59.781  WARN [users-ws,,,] 12692 --- [restartedMain] o.s.boot.actuate.endpoint.EndpointId     : Endpoint ID 'hystrix.stream' contains invalid characters, please migrate to a valid format.
2020-11-02 11:27:01.039  INFO [users-ws,,,] 12692 --- [restartedMain] o.s.cloud.context.scope.GenericScope     : BeanFactory id=63e4cbdb-2de8-31bb-a512-8374846a8dc1
2020-11-02 11:27:01.105  INFO [users-ws,,,] 12692 --- [restartedMain] faultConfiguringBeanFactoryPostProcessor : No bean named 'errorChannel' has been explicitly defined. Therefore, a default PublishSubscribeChannel will be created.
2020-11-02 11:27:01.117  INFO [users-ws,,,] 12692 --- [restartedMain] faultConfiguringBeanFactoryPostProcessor : No bean named 'taskScheduler' has been explicitly defined. Therefore, a default ThreadPoolTaskScheduler will be created.
2020-11-02 11:27:01.125  INFO [users-ws,,,] 12692 --- [restartedMain] faultConfiguringBeanFactoryPostProcessor : No bean named 'integrationHeaderChannelRegistry' has been explicitly defined. Therefore, a default DefaultHeaderChannelRegistry will be created.
2020-11-02 11:27:01.983  INFO [users-ws,,,] 12692 --- [restartedMain] trationDelegate$BeanPostProcessorChecker : Bean 'integrationChannelResolver' of type [org.springframework.integration.support.channel.BeanFactoryChannelResolver] is not eligible for getting processed by all BeanPostProcessors (for example: not eligible for auto-proxying)
2020-11-02 11:27:01.999  INFO [users-ws,,,] 12692 --- [restartedMain] trationDelegate$BeanPostProcessorChecker : Bean 'integrationDisposableAutoCreatedBeans' of type [org.springframework.integration.config.annotation.Disposables] is not eligible for getting processed by all BeanPostProcessors (for example: not eligible for auto-proxying)
2020-11-02 11:27:02.098  INFO [users-ws,,,] 12692 --- [restartedMain] trationDelegate$BeanPostProcessorChecker : Bean 'org.springframework.integration.config.IntegrationManagementConfiguration' of type [org.springframework.integration.config.IntegrationManagementConfiguration] is not eligible for getting processed by all BeanPostProcessors (for example: not eligible for auto-proxying)
2020-11-02 11:27:05.067  INFO [users-ws,,,] 12692 --- [restartedMain] o.s.b.w.embedded.tomcat.TomcatWebServer  : Tomcat initialized with port(s): 0 (http)
2020-11-02 11:27:05.097  INFO [users-ws,,,] 12692 --- [restartedMain] o.apache.catalina.core.StandardService   : Starting service [Tomcat]
2020-11-02 11:27:05.098  INFO [users-ws,,,] 12692 --- [restartedMain] org.apache.catalina.core.StandardEngine  : Starting Servlet engine: [Apache Tomcat/9.0.38]
2020-11-02 11:27:05.512  INFO [users-ws,,,] 12692 --- [restartedMain] o.a.c.c.C.[Tomcat].[localhost].[/]       : Initializing Spring embedded WebApplicationContext
2020-11-02 11:27:05.513  INFO [users-ws,,,] 12692 --- [restartedMain] w.s.c.ServletWebServerApplicationContext : Root WebApplicationContext: initialization completed in 9632 ms
2020-11-02 11:27:06.044  WARN [users-ws,,,] 12692 --- [restartedMain] c.n.c.sources.URLConfigurationSource     : No URLs will be polled as dynamic configuration sources.
2020-11-02 11:27:06.045  INFO [users-ws,,,] 12692 --- [restartedMain] c.n.c.sources.URLConfigurationSource     : To enable URLs as dynamic configuration sources, define System property archaius.configurationSource.additionalUrls or make config.properties available on classpath.
2020-11-02 11:27:06.113  INFO [users-ws,,,] 12692 --- [restartedMain] c.netflix.config.DynamicPropertyFactory  : DynamicPropertyFactory is initialized with configuration sources: com.netflix.config.ConcurrentCompositeConfiguration@2fc5c859
2020-11-02 11:27:06.606  INFO [users-ws,,,] 12692 --- [restartedMain] com.zaxxer.hikari.HikariDataSource       : HikariPool-1 - Starting...
2020-11-02 11:27:07.942  INFO [users-ws,,,] 12692 --- [restartedMain] com.zaxxer.hikari.HikariDataSource       : HikariPool-1 - Start completed.
2020-11-02 11:27:07.965  INFO [users-ws,,,] 12692 --- [restartedMain] o.s.b.a.h2.H2ConsoleAutoConfiguration    : H2 console available at '/h2-console'. Database available at 'jdbc:postgresql://localhost:5432/postgres'
2020-11-02 11:27:11.342  INFO [users-ws,,,] 12692 --- [restartedMain] o.s.s.concurrent.ThreadPoolTaskExecutor  : Initializing ExecutorService 'applicationTaskExecutor'
2020-11-02 11:27:11.858  INFO [users-ws,,,] 12692 --- [restartedMain] o.s.s.c.ThreadPoolTaskScheduler          : Initializing ExecutorService 'taskScheduler'
2020-11-02 11:27:12.285  INFO [users-ws,,,] 12692 --- [task-1] o.hibernate.jpa.internal.util.LogHelper  : HHH000204: Processing PersistenceUnitInfo [name: default]
2020-11-02 11:27:12.936  INFO [users-ws,,,] 12692 --- [task-1] org.hibernate.Version                    : HHH000412: Hibernate ORM core version 5.4.21.Final
2020-11-02 11:27:13.580  WARN [users-ws,,,] 12692 --- [restartedMain] JpaBaseConfiguration$JpaWebConfiguration : spring.jpa.open-in-view is enabled by default. Therefore, database queries may be performed during view rendering. Explicitly configure spring.jpa.open-in-view to disable this warning
2020-11-02 11:27:13.978  INFO [users-ws,,,] 12692 --- [task-1] o.hibernate.annotations.common.Version   : HCANN000001: Hibernate Commons Annotations {5.1.0.Final}
2020-11-02 11:27:14.513  WARN [users-ws,,,] 12692 --- [restartedMain] o.s.b.d.a.OptionalLiveReloadServer       : Unable to start LiveReload server
2020-11-02 11:27:14.609  INFO [users-ws,,,] 12692 --- [restartedMain] DeferredRepositoryInitializationListener : Triggering deferred initialization of Spring Data repositories…
2020-11-02 11:27:14.830  INFO [users-ws,,,] 12692 --- [task-1] org.hibernate.dialect.Dialect            : HHH000400: Using dialect: org.hibernate.dialect.PostgreSQLDialect
2020-11-02 11:27:16.680  INFO [users-ws,,,] 12692 --- [task-1] o.h.e.t.j.p.i.JtaPlatformInitiator       : HHH000490: Using JtaPlatform implementation: [org.hibernate.engine.transaction.jta.platform.internal.NoJtaPlatform]
2020-11-02 11:27:16.694  INFO [users-ws,,,] 12692 --- [task-1] j.LocalContainerEntityManagerFactoryBean : Initialized JPA EntityManagerFactory for persistence unit 'default'
2020-11-02 11:27:17.505  INFO [users-ws,,,] 12692 --- [restartedMain] DeferredRepositoryInitializationListener : Spring Data repositories initialized!
2020-11-02 11:27:18.586  INFO [users-ws,,,] 12692 --- [restartedMain] o.s.s.web.DefaultSecurityFilterChain     : Creating filter chain: any request, [org.springframework.security.web.context.request.async.WebAsyncManagerIntegrationFilter@6ce51b0e, org.springframework.security.web.context.SecurityContextPersistenceFilter@1bae9a5c, org.springframework.security.web.header.HeaderWriterFilter@3089b7f3, org.springframework.security.web.authentication.logout.LogoutFilter@51cc85d4, br.com.evertonsavio.usersmicroservice.appusers.security.AuthenticationFilter@480f2b03, org.springframework.security.web.savedrequest.RequestCacheAwareFilter@37af9ecb, org.springframework.security.web.servletapi.SecurityContextHolderAwareRequestFilter@4554644e, org.springframework.security.web.authentication.AnonymousAuthenticationFilter@1f3f7fe6, org.springframework.security.web.session.SessionManagementFilter@27ccdecb, org.springframework.security.web.access.ExceptionTranslationFilter@39dcf4fc, org.springframework.security.web.access.intercept.FilterSecurityInterceptor@f15d11b]
2020-11-02 11:27:18.738  WARN [users-ws,,,] 12692 --- [restartedMain] c.n.c.sources.URLConfigurationSource     : No URLs will be polled as dynamic configuration sources.
2020-11-02 11:27:18.739  INFO [users-ws,,,] 12692 --- [restartedMain] c.n.c.sources.URLConfigurationSource     : To enable URLs as dynamic configuration sources, define System property archaius.configurationSource.additionalUrls or make config.properties available on classpath.
2020-11-02 11:27:21.532  INFO [users-ws,,,] 12692 --- [restartedMain] onConfiguration$FunctionBindingRegistrar : Functional binding is disabled due to the presense of @EnableBinding annotation in your configuration
2020-11-02 11:27:22.272  INFO [users-ws,,,] 12692 --- [restartedMain] DiscoveryClientOptionalArgsConfiguration : Eureka HTTP Client uses Jersey
2020-11-02 11:27:24.457  INFO [users-ws,,,] 12692 --- [restartedMain] o.s.cloud.commons.util.InetUtils         : Cannot determine local hostname
2020-11-02 11:27:26.173  INFO [users-ws,,,] 12692 --- [restartedMain] o.s.cloud.commons.util.InetUtils         : Cannot determine local hostname
2020-11-02 11:27:26.274  WARN [users-ws,,,] 12692 --- [restartedMain] ockingLoadBalancerClientRibbonWarnLogger : You already have RibbonLoadBalancerClient on your classpath. It will be used by default. As Spring Cloud Ribbon is in maintenance mode. We recommend switching to BlockingLoadBalancerClient instead. In order to use it, set the value of `spring.cloud.loadbalancer.ribbon.enabled` to `false` or remove spring-cloud-starter-netflix-ribbon from your project.
2020-11-02 11:27:27.916  INFO [users-ws,,,] 12692 --- [restartedMain] o.s.b.a.e.web.EndpointLinksResolver      : Exposing 1 endpoint(s) beneath base path '/actuator'
2020-11-02 11:27:28.366  INFO [users-ws,,,] 12692 --- [restartedMain] o.s.c.s.m.DirectWithAttributesChannel    : Channel 'application-1.springCloudBusInput' has 1 subscriber(s).
2020-11-02 11:27:28.454  INFO [users-ws,,,] 12692 --- [restartedMain] o.s.i.endpoint.EventDrivenConsumer       : Adding {logging-channel-adapter:_org.springframework.integration.errorLogger} as a subscriber to the 'errorChannel' channel
2020-11-02 11:27:28.460  INFO [users-ws,,,] 12692 --- [restartedMain] o.s.i.channel.PublishSubscribeChannel    : Channel 'application-1.errorChannel' has 1 subscriber(s).
2020-11-02 11:27:28.464  INFO [users-ws,,,] 12692 --- [restartedMain] o.s.i.endpoint.EventDrivenConsumer       : started bean '_org.springframework.integration.errorLogger'
2020-11-02 11:27:28.520  INFO [users-ws,,,] 12692 --- [restartedMain] o.s.c.s.binder.DefaultBinderFactory      : Creating binder: rabbit
2020-11-02 11:27:30.537  INFO [users-ws,,,] 12692 --- [restartedMain] c.c.c.ConfigServicePropertySourceLocator : Fetching config from server at : http://localhost:8012
2020-11-02 11:27:32.375  INFO [users-ws,,,] 12692 --- [restartedMain] c.c.c.ConfigServicePropertySourceLocator : Located environment: name=users-ws, profiles=[default], label=null, version=null, state=null
2020-11-02 11:27:32.376  INFO [users-ws,,,] 12692 --- [restartedMain] b.c.PropertySourceBootstrapConfiguration : Located property source: [BootstrapPropertySource {name='bootstrapProperties-file:///C:/Users/Havyx/Documents/GitHub/Config_Native_Files/users-ws.yml'}, BootstrapPropertySource {name='bootstrapProperties-file:///C:/Users/Havyx/Documents/GitHub/Config_Native_Files/application.properties'}]
2020-11-02 11:27:32.612  INFO [users-ws,,,] 12692 --- [restartedMain] DeferredRepositoryInitializationListener : Triggering deferred initialization of Spring Data repositories…
2020-11-02 11:27:32.614  INFO [users-ws,,,] 12692 --- [restartedMain] DeferredRepositoryInitializationListener : Spring Data repositories initialized!
2020-11-02 11:27:32.671  INFO [users-ws,,,] 12692 --- [restartedMain] o.s.c.s.binder.DefaultBinderFactory      : Caching the binder: rabbit
2020-11-02 11:27:32.671  INFO [users-ws,,,] 12692 --- [restartedMain] o.s.c.s.binder.DefaultBinderFactory      : Retrieving cached binder: rabbit
2020-11-02 11:27:32.877  INFO [users-ws,,,] 12692 --- [restartedMain] o.s.a.r.c.CachingConnectionFactory       : Attempting to connect to: [localhost:5672]
2020-11-02 11:27:33.012  INFO [users-ws,,,] 12692 --- [restartedMain] o.s.a.r.c.CachingConnectionFactory       : Created new connection: rabbitConnectionFactory#ef36156:0/SimpleConnection@6fe0b32f [delegate=amqp://guest@127.0.0.1:5672/, localPort= 56351]
2020-11-02 11:27:33.101  INFO [users-ws,,,] 12692 --- [restartedMain] o.s.c.s.m.DirectWithAttributesChannel    : Channel 'application-1.springCloudBusOutput' has 1 subscriber(s).
2020-11-02 11:27:33.119  INFO [users-ws,,,] 12692 --- [restartedMain] o.s.c.s.binder.DefaultBinderFactory      : Retrieving cached binder: rabbit
2020-11-02 11:27:33.216  INFO [users-ws,,,] 12692 --- [restartedMain] c.s.b.r.p.RabbitExchangeQueueProvisioner : declaring queue for inbound: springCloudBus.anonymous.zq8XtHzLRVqb2CsE29gqgw, bound to: springCloudBus
2020-11-02 11:27:33.268  INFO [users-ws,,,] 12692 --- [restartedMain] o.s.c.stream.binder.BinderErrorChannel   : Channel 'springCloudBus.anonymous.zq8XtHzLRVqb2CsE29gqgw.errors' has 1 subscriber(s).
2020-11-02 11:27:33.268  INFO [users-ws,,,] 12692 --- [restartedMain] o.s.c.stream.binder.BinderErrorChannel   : Channel 'springCloudBus.anonymous.zq8XtHzLRVqb2CsE29gqgw.errors' has 2 subscriber(s).
2020-11-02 11:27:33.291  INFO [users-ws,,,] 12692 --- [restartedMain] o.s.i.a.i.AmqpInboundChannelAdapter      : started bean 'inbound.springCloudBus.anonymous.zq8XtHzLRVqb2CsE29gqgw'
2020-11-02 11:27:33.335  INFO [users-ws,,,] 12692 --- [restartedMain] o.s.b.w.embedded.tomcat.TomcatWebServer  : Tomcat started on port(s): 56352 (http) with context path ''
2020-11-02 11:27:33.336  INFO [users-ws,,,] 12692 --- [restartedMain] .s.c.n.e.s.EurekaAutoServiceRegistration : Updating port to 56352
2020-11-02 11:27:33.348  INFO [users-ws,,,] 12692 --- [restartedMain] o.s.c.n.eureka.InstanceInfoFactory       : Setting initial instance status as: STARTING
2020-11-02 11:27:33.438  INFO [users-ws,,,] 12692 --- [restartedMain] com.netflix.discovery.DiscoveryClient    : Initializing Eureka in region us-east-1
2020-11-02 11:27:33.618  INFO [users-ws,,,] 12692 --- [restartedMain] c.n.d.provider.DiscoveryJerseyProvider   : Using JSON encoding codec LegacyJacksonJson
2020-11-02 11:27:33.618  INFO [users-ws,,,] 12692 --- [restartedMain] c.n.d.provider.DiscoveryJerseyProvider   : Using JSON decoding codec LegacyJacksonJson
2020-11-02 11:27:33.926  INFO [users-ws,,,] 12692 --- [restartedMain] c.n.d.provider.DiscoveryJerseyProvider   : Using XML encoding codec XStreamXml
2020-11-02 11:27:33.926  INFO [users-ws,,,] 12692 --- [restartedMain] c.n.d.provider.DiscoveryJerseyProvider   : Using XML decoding codec XStreamXml
2020-11-02 11:27:34.434  INFO [users-ws,,,] 12692 --- [restartedMain] c.n.d.s.r.aws.ConfigClusterResolver      : Resolving eureka endpoints via configuration
2020-11-02 11:27:35.015  INFO [users-ws,,,] 12692 --- [restartedMain] com.netflix.discovery.DiscoveryClient    : Disable delta property : false
2020-11-02 11:27:35.016  INFO [users-ws,,,] 12692 --- [restartedMain] com.netflix.discovery.DiscoveryClient    : Single vip registry refresh property : null
2020-11-02 11:27:35.016  INFO [users-ws,,,] 12692 --- [restartedMain] com.netflix.discovery.DiscoveryClient    : Force full registry fetch : false
2020-11-02 11:27:35.017  INFO [users-ws,,,] 12692 --- [restartedMain] com.netflix.discovery.DiscoveryClient    : Application is null : false
2020-11-02 11:27:35.017  INFO [users-ws,,,] 12692 --- [restartedMain] com.netflix.discovery.DiscoveryClient    : Registered Applications size is zero : true
2020-11-02 11:27:35.017  INFO [users-ws,,,] 12692 --- [restartedMain] com.netflix.discovery.DiscoveryClient    : Application version is -1: true
2020-11-02 11:27:35.017  INFO [users-ws,,,] 12692 --- [restartedMain] com.netflix.discovery.DiscoveryClient    : Getting all instance registry info from the eureka server
2020-11-02 11:27:35.462  INFO [users-ws,,,] 12692 --- [restartedMain] com.netflix.discovery.DiscoveryClient    : The response status is 200
2020-11-02 11:27:35.468  INFO [users-ws,,,] 12692 --- [restartedMain] com.netflix.discovery.DiscoveryClient    : Starting heartbeat executor: renew interval is: 30
2020-11-02 11:27:35.474  INFO [users-ws,,,] 12692 --- [restartedMain] c.n.discovery.InstanceInfoReplicator     : InstanceInfoReplicator onDemand update allowed rate per min is 4
2020-11-02 11:27:35.482  INFO [users-ws,,,] 12692 --- [restartedMain] com.netflix.discovery.DiscoveryClient    : Discovery Client initialized at timestamp 1604327255481 with initial instances count: 5
2020-11-02 11:27:35.725  INFO [users-ws,,,] 12692 --- [restartedMain] o.s.c.n.e.s.EurekaServiceRegistry        : Registering application USERS-WS with eureka with status UP
2020-11-02 11:27:35.728  INFO [users-ws,,,] 12692 --- [restartedMain] com.netflix.discovery.DiscoveryClient    : Saw local status change event StatusChangeEvent [timestamp=1604327255728, current=UP, previous=STARTING]
2020-11-02 11:27:35.992  INFO [users-ws,,,] 12692 --- [DiscoveryClient-InstanceInfoReplicator-0] com.netflix.discovery.DiscoveryClient    : DiscoveryClient_USERS-WS/users-ws:44d13d0d2f17d1883a0b9d08d1db8ba6: registering service...
2020-11-02 11:27:36.117  INFO [users-ws,,,] 12692 --- [DiscoveryClient-InstanceInfoReplicator-0] com.netflix.discovery.DiscoveryClient    : DiscoveryClient_USERS-WS/users-ws:44d13d0d2f17d1883a0b9d08d1db8ba6 - registration status: 204
2020-11-02 11:27:38.838  INFO [users-ws,,,] 12692 --- [restartedMain] o.s.cloud.commons.util.InetUtils         : Cannot determine local hostname
2020-11-02 11:27:38.842  INFO [users-ws,,,] 12692 --- [restartedMain] DeferredRepositoryInitializationListener : Triggering deferred initialization of Spring Data repositories…
2020-11-02 11:27:38.858  INFO [users-ws,,,] 12692 --- [restartedMain] DeferredRepositoryInitializationListener : Spring Data repositories initialized!
2020-11-02 11:27:39.014  INFO [users-ws,,,] 12692 --- [restartedMain] b.c.e.u.appusers.UsersApplication        : Started UsersApplication in 52.429 seconds (JVM running for 54.719)
2020-11-02 11:32:35.021  INFO [users-ws,,,] 12692 --- [AsyncResolver-bootstrap-executor-0] c.n.d.s.r.aws.ConfigClusterResolver      : Resolving eureka endpoints via configuration
2020-11-02 11:37:35.024  INFO [users-ws,,,] 12692 --- [AsyncResolver-bootstrap-executor-0] c.n.d.s.r.aws.ConfigClusterResolver      : Resolving eureka endpoints via configuration
2020-11-02 11:42:35.026  INFO [users-ws,,,] 12692 --- [AsyncResolver-bootstrap-executor-0] c.n.d.s.r.aws.ConfigClusterResolver      : Resolving eureka endpoints via configuration
2020-11-02 11:47:35.027  INFO [users-ws,,,] 12692 --- [AsyncResolver-bootstrap-executor-0] c.n.d.s.r.aws.ConfigClusterResolver      : Resolving eureka endpoints via configuration
2020-11-02 11:52:35.030  INFO [users-ws,,,] 12692 --- [AsyncResolver-bootstrap-executor-0] c.n.d.s.r.aws.ConfigClusterResolver      : Resolving eureka endpoints via configuration
2020-11-02 11:57:35.033  INFO [users-ws,,,] 12692 --- [AsyncResolver-bootstrap-executor-0] c.n.d.s.r.aws.ConfigClusterResolver      : Resolving eureka endpoints via configuration
2020-11-02 12:02:35.037  INFO [users-ws,,,] 12692 --- [AsyncResolver-bootstrap-executor-0] c.n.d.s.r.aws.ConfigClusterResolver      : Resolving eureka endpoints via configuration
2020-11-02 12:07:35.039  INFO [users-ws,,,] 12692 --- [AsyncResolver-bootstrap-executor-0] c.n.d.s.r.aws.ConfigClusterResolver      : Resolving eureka endpoints via configuration
2020-11-02 12:12:35.041  INFO [users-ws,,,] 12692 --- [AsyncResolver-bootstrap-executor-0] c.n.d.s.r.aws.ConfigClusterResolver      : Resolving eureka endpoints via configuration
2020-11-02 12:17:35.042  INFO [users-ws,,,] 12692 --- [AsyncResolver-bootstrap-executor-0] c.n.d.s.r.aws.ConfigClusterResolver      : Resolving eureka endpoints via configuration
2020-11-02 12:21:42.536  INFO [users-ws,,,] 12692 --- [http-nio-auto-1-exec-1] o.a.c.c.C.[Tomcat].[localhost].[/]       : Initializing Spring DispatcherServlet 'dispatcherServlet'
2020-11-02 12:21:42.540  INFO [users-ws,,,] 12692 --- [http-nio-auto-1-exec-1] o.s.web.servlet.DispatcherServlet        : Initializing Servlet 'dispatcherServlet'
2020-11-02 12:21:43.350  INFO [users-ws,,,] 12692 --- [http-nio-auto-1-exec-1] o.s.web.servlet.DispatcherServlet        : Completed initialization in 808 ms
2020-11-02 12:22:35.047  INFO [users-ws,,,] 12692 --- [AsyncResolver-bootstrap-executor-0] c.n.d.s.r.aws.ConfigClusterResolver      : Resolving eureka endpoints via configuration
2020-11-02 12:27:35.049  INFO [users-ws,,,] 12692 --- [AsyncResolver-bootstrap-executor-0] c.n.d.s.r.aws.ConfigClusterResolver      : Resolving eureka endpoints via configuration
2020-11-02 12:32:35.052  INFO [users-ws,,,] 12692 --- [AsyncResolver-bootstrap-executor-0] c.n.d.s.r.aws.ConfigClusterResolver      : Resolving eureka endpoints via configuration
2020-11-02 12:32:58.723  INFO [users-ws,d3c01ccfafeac751,d3c01ccfafeac751,true] 12692 --- [http-nio-auto-1-exec-5] b.c.e.u.a.s.impl.UsersServiceImpl        : Before calling albums Microservice
2020-11-02 12:33:00.437 DEBUG [users-ws,d3c01ccfafeac751,81e4254f3b9369f3,true] 12692 --- [hystrix-albums-ws-1] b.c.e.u.a.data.AlbumsServiceClient       : [AlbumsServiceClient#getAlbums] ---> GET http://albums-ws/users/ca630b92-bdf7-45f0-882a-f1620cb39e8c/albums HTTP/1.1
2020-11-02 12:33:00.437 DEBUG [users-ws,d3c01ccfafeac751,81e4254f3b9369f3,true] 12692 --- [hystrix-albums-ws-1] b.c.e.u.a.data.AlbumsServiceClient       : [AlbumsServiceClient#getAlbums] ---> END HTTP (0-byte body)
2020-11-02 12:33:02.679  INFO [users-ws,d3c01ccfafeac751,81e4254f3b9369f3,true] 12692 --- [hystrix-albums-ws-1] c.netflix.config.ChainedDynamicProperty  : Flipping property: albums-ws.ribbon.ActiveConnectionsLimit to use NEXT property: niws.loadbalancer.availabilityFilteringRule.activeConnectionsLimit = 2147483647
2020-11-02 12:33:03.084  INFO [users-ws,d3c01ccfafeac751,81e4254f3b9369f3,true] 12692 --- [hystrix-albums-ws-1] c.n.u.concurrent.ShutdownEnabledTimer    : Shutdown hook installed for: NFLoadBalancer-PingTimer-albums-ws
2020-11-02 12:33:03.085  INFO [users-ws,d3c01ccfafeac751,81e4254f3b9369f3,true] 12692 --- [hystrix-albums-ws-1] c.netflix.loadbalancer.BaseLoadBalancer  : Client: albums-ws instantiated a LoadBalancer: DynamicServerListLoadBalancer:{NFLoadBalancer:name=albums-ws,current list of Servers=[],Load balancer stats=Zone stats: {},Server stats: []}ServerList:null
2020-11-02 12:33:03.151  INFO [users-ws,d3c01ccfafeac751,81e4254f3b9369f3,true] 12692 --- [hystrix-albums-ws-1] c.n.l.DynamicServerListLoadBalancer      : Using serverListUpdater PollingServerListUpdater
2020-11-02 12:33:03.320  INFO [users-ws,d3c01ccfafeac751,81e4254f3b9369f3,true] 12692 --- [hystrix-albums-ws-1] c.netflix.config.ChainedDynamicProperty  : Flipping property: albums-ws.ribbon.ActiveConnectionsLimit to use NEXT property: niws.loadbalancer.availabilityFilteringRule.activeConnectionsLimit = 2147483647
2020-11-02 12:33:03.335  INFO [users-ws,d3c01ccfafeac751,81e4254f3b9369f3,true] 12692 --- [hystrix-albums-ws-1] c.n.l.DynamicServerListLoadBalancer      : DynamicServerListLoadBalancer for client albums-ws initialized: DynamicServerListLoadBalancer:{NFLoadBalancer:name=albums-ws,current list of Servers=[localhost:55000],Load balancer stats=Zone stats: {defaultzone=[Zone:defaultzone;	Instance count:1;	Active connections count: 0;	Circuit breaker tripped count: 0;	Active connections per server: 0.0;]
},Server stats: [[Server:localhost:55000;	Zone:defaultZone;	Total Requests:0;	Successive connection failure:0;	Total blackout seconds:0;	Last connection made:Wed Dec 31 21:00:00 BRT 1969;	First connection made: Wed Dec 31 21:00:00 BRT 1969;	Active Connections:0;	total failure count in last (1000) msecs:0;	average resp time:0.0;	90 percentile resp time:0.0;	95 percentile resp time:0.0;	min resp time:0.0;	max resp time:0.0;	stddev resp time:0.0]
]}ServerList:org.springframework.cloud.netflix.ribbon.eureka.DomainExtractingServerList@31930f66
2020-11-02 12:33:03.395  INFO [users-ws,d3c01ccfafeac751,81e4254f3b9369f3,true] 12692 --- [hystrix-albums-ws-1] DeferredRepositoryInitializationListener : Triggering deferred initialization of Spring Data repositories…
2020-11-02 12:33:03.396  INFO [users-ws,d3c01ccfafeac751,81e4254f3b9369f3,true] 12692 --- [hystrix-albums-ws-1] DeferredRepositoryInitializationListener : Spring Data repositories initialized!
2020-11-02 12:33:04.015 DEBUG [users-ws,d3c01ccfafeac751,81e4254f3b9369f3,true] 12692 --- [hystrix-albums-ws-1] b.c.e.u.a.data.AlbumsServiceClient       : [AlbumsServiceClient#getAlbums] <--- HTTP/1.1 200 (3577ms)
2020-11-02 12:33:04.016 DEBUG [users-ws,d3c01ccfafeac751,81e4254f3b9369f3,true] 12692 --- [hystrix-albums-ws-1] b.c.e.u.a.data.AlbumsServiceClient       : [AlbumsServiceClient#getAlbums] content-type: application/json;charset=UTF-8
2020-11-02 12:33:04.017 DEBUG [users-ws,d3c01ccfafeac751,81e4254f3b9369f3,true] 12692 --- [hystrix-albums-ws-1] b.c.e.u.a.data.AlbumsServiceClient       : [AlbumsServiceClient#getAlbums] date: Mon, 02 Nov 2020 15:33:03 GMT
2020-11-02 12:33:04.017 DEBUG [users-ws,d3c01ccfafeac751,81e4254f3b9369f3,true] 12692 --- [hystrix-albums-ws-1] b.c.e.u.a.data.AlbumsServiceClient       : [AlbumsServiceClient#getAlbums] transfer-encoding: chunked
2020-11-02 12:33:04.017 DEBUG [users-ws,d3c01ccfafeac751,81e4254f3b9369f3,true] 12692 --- [hystrix-albums-ws-1] b.c.e.u.a.data.AlbumsServiceClient       : [AlbumsServiceClient#getAlbums] 
2020-11-02 12:33:04.020 DEBUG [users-ws,d3c01ccfafeac751,81e4254f3b9369f3,true] 12692 --- [hystrix-albums-ws-1] b.c.e.u.a.data.AlbumsServiceClient       : [AlbumsServiceClient#getAlbums] [{"albumId":"album1Id","userId":"ca630b92-bdf7-45f0-882a-f1620cb39e8c","name":"album 1 name","description":"album 1 description"},{"albumId":"album2Id","userId":"ca630b92-bdf7-45f0-882a-f1620cb39e8c","name":"album 2 name","description":"album 2 description"}]
2020-11-02 12:33:04.021 DEBUG [users-ws,d3c01ccfafeac751,81e4254f3b9369f3,true] 12692 --- [hystrix-albums-ws-1] b.c.e.u.a.data.AlbumsServiceClient       : [AlbumsServiceClient#getAlbums] <--- END HTTP (259-byte body)
2020-11-02 12:33:04.071  INFO [users-ws,d3c01ccfafeac751,d3c01ccfafeac751,true] 12692 --- [http-nio-auto-1-exec-5] b.c.e.u.a.s.impl.UsersServiceImpl        : After calling albums Microservice
2020-11-02 12:33:04.165  INFO [users-ws,,,] 12692 --- [PollingServerListUpdater-0] c.netflix.config.ChainedDynamicProperty  : Flipping property: albums-ws.ribbon.ActiveConnectionsLimit to use NEXT property: niws.loadbalancer.availabilityFilteringRule.activeConnectionsLimit = 2147483647
2020-11-02 12:37:35.055  INFO [users-ws,,,] 12692 --- [AsyncResolver-bootstrap-executor-0] c.n.d.s.r.aws.ConfigClusterResolver      : Resolving eureka endpoints via configuration
2020-11-02 12:42:35.059  INFO [users-ws,,,] 12692 --- [AsyncResolver-bootstrap-executor-0] c.n.d.s.r.aws.ConfigClusterResolver      : Resolving eureka endpoints via configuration
2020-11-02 12:47:35.060  INFO [users-ws,,,] 12692 --- [AsyncResolver-bootstrap-executor-0] c.n.d.s.r.aws.ConfigClusterResolver      : Resolving eureka endpoints via configuration
2020-11-02 12:52:35.062  INFO [users-ws,,,] 12692 --- [AsyncResolver-bootstrap-executor-0] c.n.d.s.r.aws.ConfigClusterResolver      : Resolving eureka endpoints via configuration
2020-11-02 12:57:35.065  INFO [users-ws,,,] 12692 --- [AsyncResolver-bootstrap-executor-0] c.n.d.s.r.aws.ConfigClusterResolver      : Resolving eureka endpoints via configuration
2020-11-02 13:02:35.072  INFO [users-ws,,,] 12692 --- [AsyncResolver-bootstrap-executor-0] c.n.d.s.r.aws.ConfigClusterResolver      : Resolving eureka endpoints via configuration
2020-11-02 13:07:35.076  INFO [users-ws,,,] 12692 --- [AsyncResolver-bootstrap-executor-0] c.n.d.s.r.aws.ConfigClusterResolver      : Resolving eureka endpoints via configuration
2020-11-02 13:12:35.079  INFO [users-ws,,,] 12692 --- [AsyncResolver-bootstrap-executor-0] c.n.d.s.r.aws.ConfigClusterResolver      : Resolving eureka endpoints via configuration
2020-11-02 13:17:35.081  INFO [users-ws,,,] 12692 --- [AsyncResolver-bootstrap-executor-0] c.n.d.s.r.aws.ConfigClusterResolver      : Resolving eureka endpoints via configuration
2020-11-02 13:22:35.085  INFO [users-ws,,,] 12692 --- [AsyncResolver-bootstrap-executor-0] c.n.d.s.r.aws.ConfigClusterResolver      : Resolving eureka endpoints via configuration
2020-11-02 13:27:35.086  INFO [users-ws,,,] 12692 --- [AsyncResolver-bootstrap-executor-0] c.n.d.s.r.aws.ConfigClusterResolver      : Resolving eureka endpoints via configuration
2020-11-02 13:32:35.088  INFO [users-ws,,,] 12692 --- [AsyncResolver-bootstrap-executor-0] c.n.d.s.r.aws.ConfigClusterResolver      : Resolving eureka endpoints via configuration
