2020-11-01 17:53:12.374  INFO 10848 --- [restartedMain] c.a.p.a.a.PhotoAppApiAlbumsApplication   : No active profile set, falling back to default profiles: default
2020-11-01 17:53:13.726  WARN 10848 --- [restartedMain] o.s.boot.actuate.endpoint.EndpointId     : Endpoint ID 'service-registry' contains invalid characters, please migrate to a valid format.
2020-11-01 17:53:14.088  INFO 10848 --- [restartedMain] o.s.cloud.context.scope.GenericScope     : BeanFactory id=89ab7fb8-937e-3ce1-9610-146928291514
2020-11-01 17:53:14.245  INFO 10848 --- [restartedMain] trationDelegate$BeanPostProcessorChecker : Bean 'org.springframework.cloud.autoconfigure.ConfigurationPropertiesRebinderAutoConfiguration' of type [org.springframework.cloud.autoconfigure.ConfigurationPropertiesRebinderAutoConfiguration$$EnhancerBySpringCGLIB$$bddcede1] is not eligible for getting processed by all BeanPostProcessors (for example: not eligible for auto-proxying)
2020-11-01 17:53:15.521  INFO 10848 --- [restartedMain] o.s.b.w.embedded.tomcat.TomcatWebServer  : Tomcat initialized with port(s): 0 (http)
2020-11-01 17:53:15.569  INFO 10848 --- [restartedMain] o.apache.catalina.core.StandardService   : Starting service [Tomcat]
2020-11-01 17:53:15.569  INFO 10848 --- [restartedMain] org.apache.catalina.core.StandardEngine  : Starting Servlet engine: [Apache Tomcat/9.0.14]
2020-11-01 17:53:15.587  INFO 10848 --- [restartedMain] o.a.catalina.core.AprLifecycleListener   : The APR based Apache Tomcat Native library which allows optimal performance in production environments was not found on the java.library.path: [C:\Program Files\Java\jdk1.8.0_261\bin;C:\Windows\Sun\Java\bin;C:\Windows\system32;C:\Windows;C:\Program Files (x86)\Common Files\Oracle\Java\javapath;C:\Program Files\NVIDIA GPU Computing Toolkit\CUDA\v10.1\bin;C:\Program Files\NVIDIA GPU Computing Toolkit\CUDA\v10.1\libnvvp;C:\Windows\system32;C:\Windows;C:\Windows\System32\Wbem;C:\Windows\System32\WindowsPowerShell\v1.0\;C:\Windows\System32\OpenSSH\;C:\Program Files\dotnet\;C:\Program Files\Microsoft SQL Server\130\Tools\Binn\;C:\Program Files\Microsoft SQL Server\Client SDK\ODBC\170\Tools\Binn\;C:\Program Files\NVIDIA Corporation\Nsight Compute 2019.4.0\;C:\Program Files (x86)\NVIDIA Corporation\PhysX\Common;C:\Program Files\PuTTY\;C:\Program Files\Git\cmd;C:\Program Files\nodejs\;C:\Program Files (x86)\Yarn\bin\;C:\ProgramData\chocolatey\bin;C:\Users\Havyx\AppData\Local\Microsoft\WindowsApps;C:\Users\Havyx\AppData\Local\atom\bin;C:\Users\Havyx\AppData\Local\GitHubDesktop\bin;C:\Program Files\heroku\bin;C:\Users\Havyx\AppData\Local\Programs\Microsoft VS Code\bin;C:\Users\Havyx\Anaconda3;C:\Users\Havyx\Anaconda3\Scripts;C:\Users\Havyx\AppData\Roaming\npm;C:\Users\Havyx\AppData\Local\Yarn\bin;C:\Program Files\JetBrains\IntelliJ IDEA Community Edition 2020.2\bin;;C:\Users\Havyx\apache-maven-3.6.3\bin;C:\Program Files\RabbitMQ Server\rabbitmq_server-3.8.9\sbin;C:\Program Files\Java\jdk1.8.0_261\bin;;.]
2020-11-01 17:53:15.934  INFO 10848 --- [restartedMain] o.a.c.c.C.[Tomcat].[localhost].[/]       : Initializing Spring embedded WebApplicationContext
2020-11-01 17:53:15.935  INFO 10848 --- [restartedMain] o.s.web.context.ContextLoader            : Root WebApplicationContext: initialization completed in 3538 ms
2020-11-01 17:53:16.244  WARN 10848 --- [restartedMain] c.n.c.sources.URLConfigurationSource     : No URLs will be polled as dynamic configuration sources.
2020-11-01 17:53:16.244  INFO 10848 --- [restartedMain] c.n.c.sources.URLConfigurationSource     : To enable URLs as dynamic configuration sources, define System property archaius.configurationSource.additionalUrls or make config.properties available on classpath.
2020-11-01 17:53:16.318  INFO 10848 --- [restartedMain] c.netflix.config.DynamicPropertyFactory  : DynamicPropertyFactory is initialized with configuration sources: com.netflix.config.ConcurrentCompositeConfiguration@4dd35309
2020-11-01 17:53:18.190  INFO 10848 --- [restartedMain] o.s.cloud.commons.util.InetUtils         : Cannot determine local hostname
2020-11-01 17:53:18.696  WARN 10848 --- [restartedMain] c.n.c.sources.URLConfigurationSource     : No URLs will be polled as dynamic configuration sources.
2020-11-01 17:53:18.696  INFO 10848 --- [restartedMain] c.n.c.sources.URLConfigurationSource     : To enable URLs as dynamic configuration sources, define System property archaius.configurationSource.additionalUrls or make config.properties available on classpath.
2020-11-01 17:53:19.022  INFO 10848 --- [restartedMain] o.s.s.concurrent.ThreadPoolTaskExecutor  : Initializing ExecutorService 'applicationTaskExecutor'
2020-11-01 17:53:19.628  WARN 10848 --- [restartedMain] o.s.b.d.a.OptionalLiveReloadServer       : Unable to start LiveReload server
2020-11-01 17:53:21.093  INFO 10848 --- [restartedMain] o.s.cloud.commons.util.InetUtils         : Cannot determine local hostname
2020-11-01 17:53:21.179  INFO 10848 --- [restartedMain] o.s.b.a.e.web.EndpointLinksResolver      : Exposing 2 endpoint(s) beneath base path '/actuator'
2020-11-01 17:53:21.379  INFO 10848 --- [restartedMain] o.s.b.w.embedded.tomcat.TomcatWebServer  : Tomcat started on port(s): 50244 (http) with context path ''
2020-11-01 17:53:21.380  INFO 10848 --- [restartedMain] .s.c.n.e.s.EurekaAutoServiceRegistration : Updating port to 50244
2020-11-01 17:53:21.392  INFO 10848 --- [restartedMain] o.s.c.n.eureka.InstanceInfoFactory       : Setting initial instance status as: STARTING
2020-11-01 17:53:21.474  INFO 10848 --- [restartedMain] com.netflix.discovery.DiscoveryClient    : Initializing Eureka in region us-east-1
2020-11-01 17:53:22.288  INFO 10848 --- [restartedMain] c.n.d.provider.DiscoveryJerseyProvider   : Using JSON encoding codec LegacyJacksonJson
2020-11-01 17:53:22.289  INFO 10848 --- [restartedMain] c.n.d.provider.DiscoveryJerseyProvider   : Using JSON decoding codec LegacyJacksonJson
2020-11-01 17:53:22.587  INFO 10848 --- [restartedMain] c.n.d.provider.DiscoveryJerseyProvider   : Using XML encoding codec XStreamXml
2020-11-01 17:53:22.587  INFO 10848 --- [restartedMain] c.n.d.provider.DiscoveryJerseyProvider   : Using XML decoding codec XStreamXml
2020-11-01 17:53:22.858  INFO 10848 --- [restartedMain] c.n.d.s.r.aws.ConfigClusterResolver      : Resolving eureka endpoints via configuration
2020-11-01 17:53:23.237  INFO 10848 --- [restartedMain] com.netflix.discovery.DiscoveryClient    : Disable delta property : false
2020-11-01 17:53:23.238  INFO 10848 --- [restartedMain] com.netflix.discovery.DiscoveryClient    : Single vip registry refresh property : null
2020-11-01 17:53:23.238  INFO 10848 --- [restartedMain] com.netflix.discovery.DiscoveryClient    : Force full registry fetch : false
2020-11-01 17:53:23.238  INFO 10848 --- [restartedMain] com.netflix.discovery.DiscoveryClient    : Application is null : false
2020-11-01 17:53:23.238  INFO 10848 --- [restartedMain] com.netflix.discovery.DiscoveryClient    : Registered Applications size is zero : true
2020-11-01 17:53:23.238  INFO 10848 --- [restartedMain] com.netflix.discovery.DiscoveryClient    : Application version is -1: true
2020-11-01 17:53:23.238  INFO 10848 --- [restartedMain] com.netflix.discovery.DiscoveryClient    : Getting all instance registry info from the eureka server
2020-11-01 17:53:23.610  INFO 10848 --- [restartedMain] com.netflix.discovery.DiscoveryClient    : The response status is 200
2020-11-01 17:53:23.615  INFO 10848 --- [restartedMain] com.netflix.discovery.DiscoveryClient    : Starting heartbeat executor: renew interval is: 30
2020-11-01 17:53:23.619  INFO 10848 --- [restartedMain] c.n.discovery.InstanceInfoReplicator     : InstanceInfoReplicator onDemand update allowed rate per min is 4
2020-11-01 17:53:23.624  INFO 10848 --- [restartedMain] com.netflix.discovery.DiscoveryClient    : Discovery Client initialized at timestamp 1604264003623 with initial instances count: 3
2020-11-01 17:53:23.629  INFO 10848 --- [restartedMain] o.s.c.n.e.s.EurekaServiceRegistry        : Registering application ALBUMS-WS with eureka with status UP
2020-11-01 17:53:23.630  INFO 10848 --- [restartedMain] com.netflix.discovery.DiscoveryClient    : Saw local status change event StatusChangeEvent [timestamp=1604264003630, current=UP, previous=STARTING]
2020-11-01 17:53:23.640  INFO 10848 --- [DiscoveryClient-InstanceInfoReplicator-0] com.netflix.discovery.DiscoveryClient    : DiscoveryClient_ALBUMS-WS/albums-ws:ba37d92e11b79bbe534c75148a3c4561: registering service...
2020-11-01 17:53:23.640  INFO 10848 --- [restartedMain] c.a.p.a.a.PhotoAppApiAlbumsApplication   : Started PhotoAppApiAlbumsApplication in 18.847 seconds (JVM running for 21.83)
2020-11-01 17:53:23.733  INFO 10848 --- [DiscoveryClient-InstanceInfoReplicator-0] com.netflix.discovery.DiscoveryClient    : DiscoveryClient_ALBUMS-WS/albums-ws:ba37d92e11b79bbe534c75148a3c4561 - registration status: 204
2020-11-01 17:53:47.750  INFO 10848 --- [http-nio-auto-1-exec-10] o.a.c.c.C.[Tomcat].[localhost].[/]       : Initializing Spring DispatcherServlet 'dispatcherServlet'
2020-11-01 17:53:47.750  INFO 10848 --- [http-nio-auto-1-exec-10] o.s.web.servlet.DispatcherServlet        : Initializing Servlet 'dispatcherServlet'
2020-11-01 17:53:47.764  INFO 10848 --- [http-nio-auto-1-exec-10] o.s.web.servlet.DispatcherServlet        : Completed initialization in 13 ms
2020-11-01 17:53:48.030  INFO 10848 --- [http-nio-auto-1-exec-10] c.a.p.a.a.i.c.AlbumsController           : Returning 2 albums
2020-11-01 17:54:00.846  INFO 10848 --- [http-nio-auto-1-exec-9] c.a.p.a.a.i.c.AlbumsController           : Returning 2 albums
